1529953003.807482 client started (1047): version 2.7, socket /tmp/tmux-18464/default, protocol 8
1529953003.807496 on Linux 2.6.32-504.12.2.el6.x86_64 #1 SMP Sun Feb 1 12:14:02 EST 2015; libevent 2.0.19-stable (poll)
1529953003.807515 socket is /tmp/tmux-18464/default
1529953003.807520 trying connect
1529953003.807591 add peer 0x6ed9a0: 6 ((nil))
1529953003.807628 sending message 100 to peer 0x6ed9a0 (4 bytes)
1529953003.807634 sending message 101 to peer 0x6ed9a0 (15 bytes)
1529953003.807637 sending message 102 to peer 0x6ed9a0 (14 bytes)
1529953003.807639 sending message 108 to peer 0x6ed9a0 (37 bytes)
1529953003.807642 sending message 104 to peer 0x6ed9a0 (0 bytes)
1529953003.807644 sending message 107 to peer 0x6ed9a0 (4 bytes)
1529953003.807647 sending message 105 to peer 0x6ed9a0 (77 bytes)
1529953003.807649 sending message 105 to peer 0x6ed9a0 (54 bytes)
1529953003.807651 sending message 105 to peer 0x6ed9a0 (39 bytes)
1529953003.807653 sending message 105 to peer 0x6ed9a0 (39 bytes)
1529953003.807655 sending message 105 to peer 0x6ed9a0 (19 bytes)
1529953003.807658 sending message 105 to peer 0x6ed9a0 (122 bytes)
1529953003.807660 sending message 105 to peer 0x6ed9a0 (25 bytes)
1529953003.807662 sending message 105 to peer 0x6ed9a0 (12 bytes)
1529953003.807664 sending message 105 to peer 0x6ed9a0 (30 bytes)
1529953003.807666 sending message 105 to peer 0x6ed9a0 (34 bytes)
1529953003.807668 sending message 105 to peer 0x6ed9a0 (31 bytes)
1529953003.807670 sending message 105 to peer 0x6ed9a0 (20 bytes)
1529953003.807673 sending message 105 to peer 0x6ed9a0 (25 bytes)
1529953003.807675 sending message 105 to peer 0x6ed9a0 (17 bytes)
1529953003.807677 sending message 105 to peer 0x6ed9a0 (11 bytes)
1529953003.807679 sending message 105 to peer 0x6ed9a0 (24 bytes)
1529953003.807681 sending message 105 to peer 0x6ed9a0 (27 bytes)
1529953003.807683 sending message 105 to peer 0x6ed9a0 (39 bytes)
1529953003.807686 sending message 105 to peer 0x6ed9a0 (36 bytes)
1529953003.807688 sending message 105 to peer 0x6ed9a0 (60 bytes)
1529953003.807690 sending message 105 to peer 0x6ed9a0 (46 bytes)
1529953003.807692 sending message 105 to peer 0x6ed9a0 (40 bytes)
1529953003.807694 sending message 105 to peer 0x6ed9a0 (33 bytes)
1529953003.807696 sending message 105 to peer 0x6ed9a0 (50 bytes)
1529953003.807698 sending message 105 to peer 0x6ed9a0 (43 bytes)
1529953003.807701 sending message 105 to peer 0x6ed9a0 (27 bytes)
1529953003.807703 sending message 105 to peer 0x6ed9a0 (38 bytes)
1529953003.807705 sending message 105 to peer 0x6ed9a0 (305 bytes)
1529953003.807707 sending message 105 to peer 0x6ed9a0 (30 bytes)
1529953003.807710 sending message 105 to peer 0x6ed9a0 (21 bytes)
1529953003.807712 sending message 105 to peer 0x6ed9a0 (20 bytes)
1529953003.807714 sending message 105 to peer 0x6ed9a0 (13 bytes)
1529953003.807716 sending message 105 to peer 0x6ed9a0 (19 bytes)
1529953003.807718 sending message 105 to peer 0x6ed9a0 (13 bytes)
1529953003.807720 sending message 105 to peer 0x6ed9a0 (17 bytes)
1529953003.807722 sending message 105 to peer 0x6ed9a0 (21 bytes)
1529953003.807725 sending message 105 to peer 0x6ed9a0 (26 bytes)
1529953003.807727 sending message 105 to peer 0x6ed9a0 (22 bytes)
1529953003.807729 sending message 105 to peer 0x6ed9a0 (19 bytes)
1529953003.807731 sending message 105 to peer 0x6ed9a0 (24 bytes)
1529953003.807733 sending message 105 to peer 0x6ed9a0 (95 bytes)
1529953003.807735 sending message 105 to peer 0x6ed9a0 (22 bytes)
1529953003.807738 sending message 105 to peer 0x6ed9a0 (110 bytes)
1529953003.807740 sending message 105 to peer 0x6ed9a0 (48 bytes)
1529953003.807742 sending message 105 to peer 0x6ed9a0 (58 bytes)
1529953003.807744 sending message 105 to peer 0x6ed9a0 (456 bytes)
1529953003.807747 sending message 105 to peer 0x6ed9a0 (17 bytes)
1529953003.807749 sending message 105 to peer 0x6ed9a0 (31 bytes)
1529953003.807751 sending message 105 to peer 0x6ed9a0 (32 bytes)
1529953003.807753 sending message 105 to peer 0x6ed9a0 (1549 bytes)
1529953003.807762 sending message 105 to peer 0x6ed9a0 (30 bytes)
1529953003.807767 sending message 105 to peer 0x6ed9a0 (27 bytes)
1529953003.807769 sending message 105 to peer 0x6ed9a0 (570 bytes)
1529953003.807772 sending message 105 to peer 0x6ed9a0 (611 bytes)
1529953003.807774 sending message 105 to peer 0x6ed9a0 (150 bytes)
1529953003.807776 sending message 105 to peer 0x6ed9a0 (169 bytes)
1529953003.807778 sending message 105 to peer 0x6ed9a0 (29 bytes)
1529953003.807781 sending message 105 to peer 0x6ed9a0 (44 bytes)
1529953003.807783 sending message 105 to peer 0x6ed9a0 (36 bytes)
1529953003.807785 sending message 105 to peer 0x6ed9a0 (14 bytes)
1529953003.807787 sending message 105 to peer 0x6ed9a0 (1045 bytes)
1529953003.807790 sending message 105 to peer 0x6ed9a0 (103 bytes)
1529953003.807792 sending message 105 to peer 0x6ed9a0 (1112 bytes)
1529953003.807795 sending message 105 to peer 0x6ed9a0 (81 bytes)
1529953003.807797 sending message 105 to peer 0x6ed9a0 (41 bytes)
1529953003.807799 sending message 105 to peer 0x6ed9a0 (24 bytes)
1529953003.807801 sending message 105 to peer 0x6ed9a0 (32 bytes)
1529953003.807803 sending message 105 to peer 0x6ed9a0 (28 bytes)
1529953003.807805 sending message 105 to peer 0x6ed9a0 (15 bytes)
1529953003.807807 sending message 105 to peer 0x6ed9a0 (8 bytes)
1529953003.807809 sending message 105 to peer 0x6ed9a0 (51 bytes)
1529953003.807812 sending message 105 to peer 0x6ed9a0 (33 bytes)
1529953003.807814 sending message 105 to peer 0x6ed9a0 (50 bytes)
1529953003.807816 sending message 105 to peer 0x6ed9a0 (20 bytes)
1529953003.807818 sending message 105 to peer 0x6ed9a0 (37 bytes)
1529953003.807820 sending message 105 to peer 0x6ed9a0 (15 bytes)
1529953003.807822 sending message 105 to peer 0x6ed9a0 (55 bytes)
1529953003.807824 sending message 105 to peer 0x6ed9a0 (14 bytes)
1529953003.807826 sending message 105 to peer 0x6ed9a0 (17 bytes)
1529953003.807829 sending message 105 to peer 0x6ed9a0 (30 bytes)
1529953003.807831 sending message 105 to peer 0x6ed9a0 (38 bytes)
1529953003.807833 sending message 105 to peer 0x6ed9a0 (47 bytes)
1529953003.807835 sending message 105 to peer 0x6ed9a0 (12 bytes)
1529953003.807837 sending message 105 to peer 0x6ed9a0 (20 bytes)
1529953003.807839 sending message 105 to peer 0x6ed9a0 (27 bytes)
1529953003.807841 sending message 105 to peer 0x6ed9a0 (19 bytes)
1529953003.807843 sending message 105 to peer 0x6ed9a0 (24 bytes)
1529953003.807845 sending message 105 to peer 0x6ed9a0 (25 bytes)
1529953003.807847 sending message 105 to peer 0x6ed9a0 (26 bytes)
1529953003.807850 sending message 105 to peer 0x6ed9a0 (26 bytes)
1529953003.807852 sending message 105 to peer 0x6ed9a0 (20 bytes)
1529953003.807854 sending message 105 to peer 0x6ed9a0 (27 bytes)
1529953003.807856 sending message 105 to peer 0x6ed9a0 (25 bytes)
1529953003.807858 sending message 105 to peer 0x6ed9a0 (20 bytes)
1529953003.807860 sending message 105 to peer 0x6ed9a0 (46 bytes)
1529953003.807862 sending message 105 to peer 0x6ed9a0 (20 bytes)
1529953003.807864 sending message 105 to peer 0x6ed9a0 (17 bytes)
1529953003.807866 sending message 105 to peer 0x6ed9a0 (27 bytes)
1529953003.807868 sending message 105 to peer 0x6ed9a0 (20 bytes)
1529953003.807881 sending message 105 to peer 0x6ed9a0 (26 bytes)
1529953003.807883 sending message 105 to peer 0x6ed9a0 (21 bytes)
1529953003.807885 sending message 105 to peer 0x6ed9a0 (23 bytes)
1529953003.807887 sending message 105 to peer 0x6ed9a0 (16 bytes)
1529953003.807889 sending message 105 to peer 0x6ed9a0 (15 bytes)
1529953003.807891 sending message 105 to peer 0x6ed9a0 (911 bytes)
1529953003.807893 sending message 105 to peer 0x6ed9a0 (960 bytes)
1529953003.807896 sending message 105 to peer 0x6ed9a0 (521 bytes)
1529953003.807898 sending message 105 to peer 0x6ed9a0 (81 bytes)
1529953003.807900 sending message 105 to peer 0x6ed9a0 (60 bytes)
1529953003.807902 sending message 105 to peer 0x6ed9a0 (88 bytes)
1529953003.807905 sending message 105 to peer 0x6ed9a0 (455 bytes)
1529953003.807907 sending message 105 to peer 0x6ed9a0 (42 bytes)
1529953003.807909 sending message 105 to peer 0x6ed9a0 (76 bytes)
1529953003.807913 sending message 105 to peer 0x6ed9a0 (71 bytes)
1529953003.807916 sending message 105 to peer 0x6ed9a0 (486 bytes)
1529953003.807918 sending message 105 to peer 0x6ed9a0 (77 bytes)
1529953003.807920 sending message 105 to peer 0x6ed9a0 (76 bytes)
1529953003.807922 sending message 105 to peer 0x6ed9a0 (125 bytes)
1529953003.807924 sending message 105 to peer 0x6ed9a0 (70 bytes)
1529953003.807926 sending message 105 to peer 0x6ed9a0 (277 bytes)
1529953003.807928 sending message 105 to peer 0x6ed9a0 (293 bytes)
1529953003.807930 sending message 105 to peer 0x6ed9a0 (298 bytes)
1529953003.807933 sending message 105 to peer 0x6ed9a0 (24 bytes)
1529953003.807935 sending message 105 to peer 0x6ed9a0 (66 bytes)
1529953003.807937 sending message 105 to peer 0x6ed9a0 (79 bytes)
1529953003.807939 sending message 105 to peer 0x6ed9a0 (110 bytes)
1529953003.807941 sending message 105 to peer 0x6ed9a0 (51 bytes)
1529953003.807943 sending message 105 to peer 0x6ed9a0 (36 bytes)
1529953003.807945 sending message 105 to peer 0x6ed9a0 (81 bytes)
1529953003.807947 sending message 105 to peer 0x6ed9a0 (21 bytes)
1529953003.807949 sending message 105 to peer 0x6ed9a0 (62 bytes)
1529953003.807951 sending message 105 to peer 0x6ed9a0 (268 bytes)
1529953003.807966 sending message 105 to peer 0x6ed9a0 (77 bytes)
1529953003.807968 sending message 106 to peer 0x6ed9a0 (0 bytes)
1529953003.807970 sending message 200 to peer 0x6ed9a0 (4 bytes)
1529953003.807972 client loop enter
1529953003.810898 peer 0x6ed9a0 message 211
1529953003.810928 client_write: sessions should be nested with care, unset $TMUX to force\n
1529953003.810936 peer 0x6ed9a0 message 203
1529953003.810939 client loop exit
